Arguments: 
  C:\Program Files\nodejs\node.exe C:\Users\ashish\AppData\Roaming\npm\node_modules\yarn\bin\yarn.js add @babel/plugin-proposal-private-property-in-object --dev

PATH: 
  C:\Python310\Scripts\;C:\Python310\;C:\Program Files\Common Files\Oracle\Java\javapath;C:\Program Files (x86)\Common Files\Oracle\Java\javapath;C:\Program Files (x86)\Common Files\Intel\Shared Libraries\redist\intel64\compiler;C:\Windows\system32;C:\Windows;C:\Windows\System32\Wbem;C:\Windows\System32\WindowsPowerShell\v1.0\;C:\Windows\System32\OpenSSH\;C:\Program Files (x86)\NVIDIA Corporation\PhysX\Common;C:\Program Files\NVIDIA Corporation\NVIDIA NvDLISR;C:\WINDOWS\system32;C:\WINDOWS;C:\WINDOWS\System32\Wbem;C:\WINDOWS\System32\WindowsPowerShell\v1.0\;C:\WINDOWS\System32\OpenSSH\;C:\MinGW\bin;C:\Users\ashish\AppData\Local\Microsoft\WindowsApps;C:\Users\ashish\AppData\Local\Programs\Microsoft VS Code\bin;C:\adb;C:\Program Files\Git\cmd;C:\WINDOWS\system32;C:\WINDOWS;C:\WINDOWS\System32\Wbem;C:\WINDOWS\System32\WindowsPowerShell\v1.0\;C:\WINDOWS\System32\OpenSSH\;C:\Program Files\PowerShell\7\;C:\ProgramData\chocolatey\bin;C:\Program Files\apache-maven-3.8.6-bin.zip\apache-maven-3.8.6\bin;C:\Program Files\Java\jdk1.8.0_311\bin;C:\Program Files\nodejs\;C:\Users\ashish\Downloads\apache-maven-3.8.6-bin\bin;C:\Program Files\Docker\Docker\resources\bin;C:\Program Files\PuTTY\;C:\Program Files\MongoDB\Server\6.0\bin;C:\Program Files\mongosh\bin;C:\Users\ashish\AppData\Local\Microsoft\WindowsApps;C:\Users\ashish\AppData\Local\Programs\Microsoft VS Code\bin;C:\Users\ashish\Downloads\platform-tools;C:\flutter\bin;C:\Program Files\Java\jdk1.8.0_311\bin;C:\Users\ashish\AppData\Local\Microsoft\WindowsApps;C:\Users\ashish\AppData\Roaming\npm;C:\Program Files\MongoDB\Server\6.0\bin;C:\Program Files\mongosh\bin;C:\Program Files\JetBrains\WebStorm 2023.1.2\bin;C:\Program Files\JetBrains\WebStorm 2023.1.2\bin;;C:\Users\ashish\Downloads\webstorm\contact-list-2\node_modules\.bin

Yarn version: 
  1.22.19

Node version: 
  16.17.1

Platform: 
  win32 x64

Trace: 
  Error: EPERM: operation not permitted, unlink 'C:\Users\ashish\Downloads\webstorm\contact-list-2\node_modules\node\bin\node.exe'

npm manifest: 
  {
    "name": "contactlist",
    "version": "0.1.0",
    "private": true,
    "dependencies": {
      "@testing-library/jest-dom": "^5.16.5",
      "@testing-library/react": "^13.4.0",
      "@testing-library/user-event": "^13.5.0",
      "firebase": "^9.22.1",
      "node": "^20.2.0",
      "react": "^18.2.0",
      "react-chartjs-2": "^5.2.0",
      "react-dom": "^18.2.0",
      "react-icons": "^4.9.0",
      "react-router-dom": "^6.11.2",
      "react-scripts": "5.0.1",
      "web-vitals": "^2.1.4",
      "chart.js": "^4.3.0" 
    },
    "scripts": {
      "start": "react-scripts start",
      "build": "react-scripts build",
      "test": "react-scripts test",
      "eject": "react-scripts eject"
    },
    "eslintConfig": {
      "extends": [
        "react-app",
        "react-app/jest"
      ]
    },
    "browserslist": {
      "production": [
        ">0.2%",
        "not dead",
        "not op_mini all"
      ],
      "development": [
        "last 1 chrome version",
        "last 1 firefox version",
        "last 1 safari version"
      ]
    },
    "devDependencies": {
      "autoprefixer": "^10.4.14",
      "postcss": "^8.4.24",
      "tailwindcss": "^3.3.2"},
    "engines": {
      "node": ">=16.0.0"
    }
  }

yarn manifest: 
  No manifest

Lockfile: 
  No lockfile
